<?xml version="1.0" encoding="UTF-8"?>
<!-- Generated by org.testng.reporters.JUnitReportReporter -->
<testsuite hostname="LAPTOP-RCL9OMJC" failures="0" tests="3" name="com.sevenrmartsupermarket.tests.HomeTest" time="29.039" errors="0" timestamp="2024-09-23T21:12:16 IST" skipped="0">
  <testcase classname="com.sevenrmartsupermarket.tests.HomeTest" name="verifyNavigationToSubCategory" time="9.132"/>
  <testcase classname="com.sevenrmartsupermarket.tests.HomeTest" name="verifyProfilePictureIsDisplayed" time="10.491"/>
  <testcase classname="com.sevenrmartsupermarket.tests.HomeTest" name="verifyProfileName" time="9.416"/>
</testsuite> <!-- com.sevenrmartsupermarket.tests.HomeTest -->
