<?xml version="1.0" encoding="UTF-8"?>
<!-- Generated by org.testng.reporters.JUnitReportReporter -->
<testsuite hostname="LAPTOP-RCL9OMJC" failures="0" tests="3" name="com.sevenrmartsupermarket.tests.SubCategoryTest" time="15.108" errors="0" timestamp="2024-09-23T20:44:43 IST" skipped="0">
  <testcase classname="com.sevenrmartsupermarket.tests.SubCategoryTest" name="verifySubCategoryHeader" time="5.324"/>
  <testcase classname="com.sevenrmartsupermarket.tests.SubCategoryTest" name="verifyAllSubCategorynames" time="3.793"/>
  <testcase classname="com.sevenrmartsupermarket.tests.SubCategoryTest" name="verifyNewSubCategory" time="5.991"/>
</testsuite> <!-- com.sevenrmartsupermarket.tests.SubCategoryTest -->
