<?xml version="1.0" encoding="UTF-8"?>
<!-- Generated by org.testng.reporters.JUnitReportReporter -->
<testsuite hostname="LAPTOP-RCL9OMJC" failures="0" tests="1" name="com.sevenrmartsupermarket.tests.SubCategoryTest" time="3.881" errors="0" timestamp="2024-10-01T01:05:05 IST" skipped="0">
  <testcase classname="com.sevenrmartsupermarket.tests.SubCategoryTest" name="verifySearchHeader" time="3.881"/>
</testsuite> <!-- com.sevenrmartsupermarket.tests.SubCategoryTest -->
