<?xml version="1.0" encoding="UTF-8"?>
<!-- Generated by org.testng.reporters.JUnitReportReporter -->
<testsuite hostname="LAPTOP-RCL9OMJC" failures="0" tests="1" name="com.sevenrmartsupermarket.tests.HomeTest" time="3.127" errors="0" timestamp="2024-10-01T01:05:36 IST" skipped="0">
  <testcase classname="com.sevenrmartsupermarket.tests.HomeTest" name="verifySubCategoryNavigation" time="3.127"/>
</testsuite> <!-- com.sevenrmartsupermarket.tests.HomeTest -->
