<?xml version="1.0" encoding="UTF-8"?>
<!-- Generated by org.testng.reporters.JUnitReportReporter -->
<testsuite hostname="LAPTOP-RCL9OMJC" failures="0" tests="3" name="com.sevenrmartsupermarket.tests.HomeTest" time="11.106" errors="0" timestamp="2024-09-26T11:12:25 IST" skipped="0">
  <testcase classname="com.sevenrmartsupermarket.tests.HomeTest" name="verifyProfilePictureIsDisplayed" time="3.690"/>
  <testcase classname="com.sevenrmartsupermarket.tests.HomeTest" name="verifyProfileName" time="4.112"/>
  <testcase classname="com.sevenrmartsupermarket.tests.HomeTest" name="verifySubCategoryNavigation" time="3.304"/>
</testsuite> <!-- com.sevenrmartsupermarket.tests.HomeTest -->
